<?xml version="1.0" encoding="UTF-8"?>
<testng-results ignored="1" total="2" passed="1" failed="0" skipped="0">
  <reporter-output>
  </reporter-output>
  <suite started-at="2021-01-04T23:39:06 PST" name="Suite" finished-at="2021-01-04T23:39:14 PST" duration-ms="8095">
    <groups>
    </groups>
    <test started-at="2021-01-04T23:39:06 PST" name="Test" finished-at="2021-01-04T23:39:14 PST" duration-ms="8095">
      <class name="unit.tests.AccountTests">
        <test-method signature="loginTest(java.lang.String, java.lang.String)[pri:0, instance:unit.tests.AccountTests@d4342c2]" started-at="2021-01-04T23:39:06 PST" name="loginTest" finished-at="2021-01-04T23:39:14 PST" duration-ms="8055" status="PASS">
          <params>
            <param index="0">
              <value>
                <![CDATA[coln.porter@gmail.com]]>
              </value>
            </param>
            <param index="1">
              <value>
                <![CDATA[123]]>
              </value>
            </param>
          </params>
          <reporter-output>
          </reporter-output>
        </test-method> <!-- loginTest -->
      </class> <!-- unit.tests.AccountTests -->
    </test> <!-- Test -->
  </suite> <!-- Suite -->
</testng-results>
